<?xml version="1.0" encoding="UTF-8"?>
<!-- Generated by org.testng.reporters.JUnitXMLReporter -->
<testsuite ignored="0" hostname="DESKTOP-DV98POC" failures="0" tests="3" name="Default test" time="0.071" errors="0" timestamp="2022-06-08T16:28:52 IST">
  <testcase classname="practice.TestNGpractice" name="chethantest" time="0.009"/>
  <testcase classname="practice.TestNGpractice" name="ipltest" time="0.002"/>
  <testcase classname="practice.TestNGpractice" name="rcbtest" time="0.002"/>
</testsuite> <!-- Default test -->
